<?xml version="1.0" encoding="UTF-8" ?>
<testsuite tests="16" failures="0" name="pap.Employee1Test" time="0" errors="0" skipped="0">
  <properties>
[...]
</properties>
  <testcase classname="pap.Employee1Test" name="getSex" time="0"/>
  <testcase classname="pap.Employee1Test" name="setSex" time="0"/>
  <testcase classname="pap.Employee1Test" name="getSurname" time="0"/>
  <testcase classname="pap.Employee1Test" name="getEmpDate" time="0"/>
  <testcase classname="pap.Employee1Test" name="setManager" time="0"/>
  <testcase classname="pap.Employee1Test" name="getName" time="0"/>
  <testcase classname="pap.Employee1Test" name="getId" time="0"/>
  <testcase classname="pap.Employee1Test" name="setId" time="0"/>
  <testcase classname="pap.Employee1Test" name="setSalary" time="0"/>
  <testcase classname="pap.Employee1Test" name="getSalary" time="0"/>
  <testcase classname="pap.Employee1Test" name="setSurname" time="0"/>
  <testcase classname="pap.Employee1Test" name="setEmpDate" time="0"/>
  <testcase classname="pap.Employee1Test" name="setPesel" time="0"/>
  <testcase classname="pap.Employee1Test" name="setFirstName" time="0"/>
  <testcase classname="pap.Employee1Test" name="getManager" time="0"/>
  <testcase classname="pap.Employee1Test" name="getPesel" time="0"/>
</testsuite>