<?xml version="1.0" encoding="UTF-8" ?>
<testsuite tests="22" failures="0" name="pap.DatabaseTest" time="20.488" errors="0" skipped="0">
  <properties>
[...]
</properties>
  <testcase classname="pap.DatabaseTest" name="addItem" time="3.814"/>
  <testcase classname="pap.DatabaseTest" name="addUser" time="1.486"/>
  <testcase classname="pap.DatabaseTest" name="login1" time="0.887"/>
  <testcase classname="pap.DatabaseTest" name="getProducent" time="0.751"/>
  <testcase classname="pap.DatabaseTest" name="saveDepartment" time="1.684"/>
  <testcase classname="pap.DatabaseTest" name="empConnection" time="0.774"/>
  <testcase classname="pap.DatabaseTest" name="connection" time="0.739"/>
  <testcase classname="pap.DatabaseTest" name="saveAddress" time="1.898"/>
  <testcase classname="pap.DatabaseTest" name="setConnection" time="0.423"/>
  <testcase classname="pap.DatabaseTest" name="closeConnection" time="0.512"/>
  <testcase classname="pap.DatabaseTest" name="adrConnection" time="0.608"/>
  <testcase classname="pap.DatabaseTest" name="getDepartments" time="0.597"/>
  <testcase classname="pap.DatabaseTest" name="login" time="0.492"/>
  <testcase classname="pap.DatabaseTest" name="addEmployee" time="1.082"/>
  <testcase classname="pap.DatabaseTest" name="emplConnection" time="0.946"/>
  <testcase classname="pap.DatabaseTest" name="addAddress" time="0.401"/>
  <testcase classname="pap.DatabaseTest" name="addDepartment" time="0.947"/>
  <testcase classname="pap.DatabaseTest" name="connectionSelected" time="0.524"/>
  <testcase classname="pap.DatabaseTest" name="empConnectionSelected" time="0.463"/>
  <testcase classname="pap.DatabaseTest" name="departmentsConnection" time="0.489"/>
  <testcase classname="pap.DatabaseTest" name="getManager" time="0.502"/>
  <testcase classname="pap.DatabaseTest" name="deptConnection" time="0.469"/>
</testsuite>